<?xml version="1.0" encoding="UTF-8"?>
<!-- Generated by org.testng.reporters.JUnitReportReporter -->
<testsuite skipped="0" hostname="Innoraft" name="PracticeTestNG.PracticeTestNG.Sample" tests="1" failures="0" timestamp="23 May 2021 18:32:17 GMT" time="9.770" errors="0">
  <testcase name="browserSelection" time="9.770" classname="PracticeTestNG.PracticeTestNG.Sample"/>
</testsuite> <!-- PracticeTestNG.PracticeTestNG.Sample -->
